Compiling the C compiler identification source file "CMakeCCompilerId.c" failed.
Compiler: /Applications/Xcode.app/Contents/Developer/Toolchains/XcodeDefault.xctoolchain/usr/bin/cc 
Build flags: 
Id flags:  

The output was:
1
ld: library 'System' not found
clang: error: linker command failed with exit code 1 (use -v to see invocation)


Compiling the CXX compiler identification source file "CMakeCXXCompilerId.cpp" failed.
Compiler: /Applications/Xcode.app/Contents/Developer/Toolchains/XcodeDefault.xctoolchain/usr/bin/c++ 
Build flags: 
Id flags:  

The output was:
1
ld: library 'c++' not found
clang: error: linker command failed with exit code 1 (use -v to see invocation)


Performing C++ SOURCE FILE Test RANGE_V3_HAS_FCONCEPTS failed with the following output:
Change Dir: /Users/terra/Desktop/Fall2023/CSE491/Blog/Blog_Range_v3/cmake-build-debug/CMakeFiles/CMakeTmp

Run Build Command(s):/Applications/CLion.app/Contents/bin/ninja/mac/ninja cmTC_e0bfe && [1/2] Building CXX object CMakeFiles/cmTC_e0bfe.dir/src.cxx.o
FAILED: CMakeFiles/cmTC_e0bfe.dir/src.cxx.o 
/Applications/Xcode.app/Contents/Developer/Toolchains/XcodeDefault.xctoolchain/usr/bin/c++ -DRANGE_V3_HAS_FCONCEPTS  -fconcepts -std=c++2a -arch arm64 -isysroot /Applications/Xcode.app/Contents/Developer/Platforms/MacOSX.platform/Developer/SDKs/MacOSX14.0.sdk -MD -MT CMakeFiles/cmTC_e0bfe.dir/src.cxx.o -MF CMakeFiles/cmTC_e0bfe.dir/src.cxx.o.d -o CMakeFiles/cmTC_e0bfe.dir/src.cxx.o -c /Users/terra/Desktop/Fall2023/CSE491/Blog/Blog_Range_v3/cmake-build-debug/CMakeFiles/CMakeTmp/src.cxx
clang: error: unknown argument: '-fconcepts'
ninja: build stopped: subcommand failed.


Source file was:
#if !defined(__cpp_concepts) || __cpp_concepts == 0
#error "Sorry, Charlie. No concepts"
#else
#if __cpp_concepts <= 201507L
#define concept concept bool
#endif

template<class>
concept True = true;

template<class T>
constexpr bool test(T)
{
    return false;
}

template<class T>
    requires True<T>
constexpr bool test(T)
{
    return true;
}

int main()
{
    static_assert(::test(42), "");
}

#endif

